#
# There is insufficient memory for the Java Runtime Environment to continue.
# Native memory allocation (mmap) failed to map 65536 bytes for Failed to commit metaspace.
# Possible reasons:
#   The system is out of physical RAM or swap space
#   The process is running with CompressedOops enabled, and the Java Heap may be blocking the growth of the native heap
# Possible solutions:
#   Reduce memory load on the system
#   Increase physical memory or swap space
#   Check if swap backing store is full
#   Decrease Java heap size (-Xmx/-Xms)
#   Decrease number of Java threads
#   Decrease Java thread stack sizes (-Xss)
#   Set larger code cache with -XX:ReservedCodeCacheSize=
#   JVM is running with Unscaled Compressed Oops mode in which the Java heap is
#     placed in the first 4GB address space. The Java Heap base address is the
#     maximum limit for the native heap growth. Please use -XX:HeapBaseMinAddress
#     to set the Java Heap base and to place the Java Heap above 4GB virtual address.
# This output file may be truncated or incomplete.
#
#  Out of Memory Error (virtualSpaceNode.cpp:110), pid=19088, tid=18596
#
# JRE version: OpenJDK Runtime Environment JBR-17.0.5+1-653.25-jcef (17.0.5+1) (build 17.0.5+1-b653.25)
# Java VM: OpenJDK 64-Bit Server VM JBR-17.0.5+1-653.25-jcef (17.0.5+1-b653.25, mixed mode, tiered, compressed oops, compressed class ptrs, g1 gc, windows-amd64)
# No core dump will be written. Minidumps are not enabled by default on client versions of Windows
#

---------------  S U M M A R Y ------------

Command Line: git4idea.http.GitAskPassApp Username for 'https://github.com': 

Host: Intel(R) Core(TM) i5 CPU       M 430  @ 2.27GHz, 4 cores, 7G,  Windows 10 , 64 bit Build 19041 (10.0.19041.3031)
Time: Fri Jul  7 05:05:01 2023 Argentina Standard Time elapsed time: 0.353384 seconds (0d 0h 0m 0s)

---------------  T H R E A D  ---------------

Current thread (0x0000014b29adf430):  JavaThread "main" [_thread_in_vm, id=18596, stack(0x0000001741300000,0x0000001741400000)]

Stack: [0x0000001741300000,0x0000001741400000]
Native frames: (J=compiled Java code, j=interpreted, Vv=VM code, C=native code)
V  [jvm.dll+0x6830ca]
V  [jvm.dll+0x83f4c4]
V  [jvm.dll+0x840c6e]
V  [jvm.dll+0x8412d3]
V  [jvm.dll+0x2490b5]
V  [jvm.dll+0x83b51b]
V  [jvm.dll+0x627496]
V  [jvm.dll+0x6274fa]
V  [jvm.dll+0x629d0a]
V  [jvm.dll+0x627e36]
V  [jvm.dll+0x23e4c0]
V  [jvm.dll+0x1ed99d]
V  [jvm.dll+0x1e335c]
V  [jvm.dll+0x5476bd]
V  [jvm.dll+0x1f3c7b]
V  [jvm.dll+0x7b949b]
V  [jvm.dll+0x7ba8e2]
V  [jvm.dll+0x7bb079]
V  [jvm.dll+0x1eb736]
V  [jvm.dll+0x1edd5d]
V  [jvm.dll+0x1e335c]
V  [jvm.dll+0x5476bd]
V  [jvm.dll+0x1f3c7b]
V  [jvm.dll+0x7b949b]
V  [jvm.dll+0x7ba8e2]
V  [jvm.dll+0x7bac18]
V  [jvm.dll+0x240e4e]
V  [jvm.dll+0x383c1e]
C  0x0000014b2d26b0e1

Java frames: (J=compiled Java code, j=interpreted, Vv=VM code)
j  java.util.ImmutableCollections$AbstractImmutableList.iterator()Ljava/util/Iterator;+0 java.base@17.0.5
j  java.lang.ModuleLayer.checkConfiguration(Ljava/lang/module/Configuration;Ljava/util/List;)V+38 java.base@17.0.5
j  java.lang.ModuleLayer.defineModules(Ljava/lang/module/Configuration;Ljava/util/List;Ljava/util/function/Function;)Ljava/lang/ModuleLayer$Controller;+7 java.base@17.0.5
j  java.lang.ModuleLayer.defineModules(Ljava/lang/module/Configuration;Ljava/util/function/Function;)Ljava/lang/ModuleLayer;+6 java.base@17.0.5
j  jdk.internal.module.ModuleBootstrap.boot2()Ljava/lang/ModuleLayer;+1207 java.base@17.0.5
j  jdk.internal.module.ModuleBootstrap.boot()Ljava/lang/ModuleLayer;+64 java.base@17.0.5
j  java.lang.System.initPhase2(ZZ)I+0 java.base@17.0.5
v  ~StubRoutines::call_stub

---------------  P R O C E S S  ---------------

Threads class SMR info:
_java_thread_list=0x0000014b4321ed20, length=10, elements={
0x0000014b29adf430, 0x0000014b431fd970, 0x0000014b431fe7e0, 0x0000014b4321f7d0,
0x0000014b43220380, 0x0000014b43222e40, 0x0000014b43c231d0, 0x0000014b43c23ed0,
0x0000014b43c248c0, 0x0000014b43c2afd0
}

Java Threads: ( => current thread )
=>0x0000014b29adf430 JavaThread "main" [_thread_in_vm, id=18596, stack(0x0000001741300000,0x0000001741400000)]
  0x0000014b431fd970 JavaThread "Reference Handler" daemon [_thread_blocked, id=18632, stack(0x0000001741a00000,0x0000001741b00000)]
  0x0000014b431fe7e0 JavaThread "Finalizer" daemon [_thread_blocked, id=1084, stack(0x0000001741b00000,0x0000001741c00000)]
  0x0000014b4321f7d0 JavaThread "Signal Dispatcher" daemon [_thread_blocked, id=4644, stack(0x0000001741c00000,0x0000001741d00000)]
  0x0000014b43220380 JavaThread "Attach Listener" daemon [_thread_blocked, id=11628, stack(0x0000001741d00000,0x0000001741e00000)]
  0x0000014b43222e40 JavaThread "Service Thread" daemon [_thread_blocked, id=17680, stack(0x0000001741e00000,0x0000001741f00000)]
  0x0000014b43c231d0 JavaThread "Monitor Deflation Thread" daemon [_thread_blocked, id=8668, stack(0x0000001741f00000,0x0000001742000000)]
  0x0000014b43c23ed0 JavaThread "C2 CompilerThread0" daemon [_thread_blocked, id=11472, stack(0x0000001742000000,0x0000001742100000)]
  0x0000014b43c248c0 JavaThread "C1 CompilerThread0" daemon [_thread_in_vm, id=16456, stack(0x0000001742100000,0x0000001742200000)]
  0x0000014b43c2afd0 JavaThread "Sweeper thread" daemon [_thread_blocked, id=16960, stack(0x0000001742200000,0x0000001742300000)]

Other Threads:
  0x0000014b431fa5d0 VMThread "VM Thread" [stack: 0x0000001741900000,0x0000001741a00000] [id=16584]
  0x0000014b29b3b880 GCTaskThread "GC Thread#0" [stack: 0x0000001741400000,0x0000001741500000] [id=17736]
  0x0000014b29b4c380 ConcurrentGCThread "G1 Main Marker" [stack: 0x0000001741500000,0x0000001741600000] [id=18620]
  0x0000014b29b4cd90 ConcurrentGCThread "G1 Conc#0" [stack: 0x0000001741600000,0x0000001741700000] [id=12048]
  0x0000014b29bad270 ConcurrentGCThread "G1 Refine#0" [stack: 0x0000001741700000,0x0000001741800000] [id=10176]
  0x0000014b29badc90 ConcurrentGCThread "G1 Service" [stack: 0x0000001741800000,0x0000001741900000] [id=18224]

Threads with active compile tasks:
C1 CompilerThread0      758   43       3       java.util.concurrent.ConcurrentHashMap::addCount (280 bytes)

VM state: not at safepoint (normal execution)

VM Mutex/Monitor currently owned by a thread:  ([mutex/lock_event])
[0x0000014b29ad8760] Metaspace_lock - owner thread: 0x0000014b29adf430
[0x0000014b29ad8f90] MultiArray_lock - owner thread: 0x0000014b43c248c0

Heap address: 0x0000000082200000, size: 2014 MB, Compressed Oops mode: 32-bit

CDS archive(s) not mapped
Compressed class space mapped at: 0x0000000100000000-0x0000000140000000, reserved size: 1073741824
Narrow klass base: 0x0000000000000000, Narrow klass shift: 3, Narrow klass range: 0x140000000

GC Precious Log:
 CPUs: 4 total, 4 available
 Memory: 8054M
 Large Page Support: Disabled
 NUMA Support: Disabled
 Compressed Oops: Enabled (32-bit)
 Heap Region Size: 1M
 Heap Min Capacity: 8M
 Heap Initial Capacity: 126M
 Heap Max Capacity: 2014M
 Pre-touch: Disabled
 Parallel Workers: 4
 Concurrent Workers: 1
 Concurrent Refinement Workers: 4
 Periodic GC: Disabled

Heap:
 garbage-first heap   total 129024K, used 0K [0x0000000082200000, 0x0000000100000000)
  region size 1024K, 1 young (1024K), 0 survivors (0K)
 Metaspace       used 3549K, committed 3584K, reserved 1056768K
  class space    used 286K, committed 320K, reserved 1048576K

Heap Regions: E=young(eden), S=young(survivor), O=old, HS=humongous(starts), HC=humongous(continues), CS=collection set, F=free, OA=open archive, CA=closed archive, TAMS=top-at-mark-start (previous, next)
|   0|0x0000000082200000, 0x0000000082200000, 0x0000000082300000|  0%| F|  |TAMS 0x0000000082200000, 0x0000000082200000| Untracked 
|   1|0x0000000082300000, 0x0000000082300000, 0x0000000082400000|  0%| F|  |TAMS 0x0000000082300000, 0x0000000082300000| Untracked 
|   2|0x0000000082400000, 0x0000000082400000, 0x0000000082500000|  0%| F|  |TAMS 0x0000000082400000, 0x0000000082400000| Untracked 
|   3|0x0000000082500000, 0x0000000082500000, 0x0000000082600000|  0%| F|  |TAMS 0x0000000082500000, 0x0000000082500000| Untracked 
|   4|0x0000000082600000, 0x0000000082600000, 0x0000000082700000|  0%| F|  |TAMS 0x0000000082600000, 0x0000000082600000| Untracked 
|   5|0x0000000082700000, 0x0000000082700000, 0x0000000082800000|  0%| F|  |TAMS 0x0000000082700000, 0x0000000082700000| Untracked 
|   6|0x0000000082800000, 0x0000000082800000, 0x0000000082900000|  0%| F|  |TAMS 0x0000000082800000, 0x0000000082800000| Untracked 
|   7|0x0000000082900000, 0x0000000082900000, 0x0000000082a00000|  0%| F|  |TAMS 0x0000000082900000, 0x0000000082900000| Untracked 
|   8|0x0000000082a00000, 0x0000000082a00000, 0x0000000082b00000|  0%| F|  |TAMS 0x0000000082a00000, 0x0000000082a00000| Untracked 
|   9|0x0000000082b00000, 0x0000000082b00000, 0x0000000082c00000|  0%| F|  |TAMS 0x0000000082b00000, 0x0000000082b00000| Untracked 
|  10|0x0000000082c00000, 0x0000000082c00000, 0x0000000082d00000|  0%| F|  |TAMS 0x0000000082c00000, 0x0000000082c00000| Untracked 
|  11|0x0000000082d00000, 0x0000000082d00000, 0x0000000082e00000|  0%| F|  |TAMS 0x0000000082d00000, 0x0000000082d00000| Untracked 
|  12|0x0000000082e00000, 0x0000000082e00000, 0x0000000082f00000|  0%| F|  |TAMS 0x0000000082e00000, 0x0000000082e00000| Untracked 
|  13|0x0000000082f00000, 0x0000000082f00000, 0x0000000083000000|  0%| F|  |TAMS 0x0000000082f00000, 0x0000000082f00000| Untracked 
|  14|0x0000000083000000, 0x0000000083000000, 0x0000000083100000|  0%| F|  |TAMS 0x0000000083000000, 0x0000000083000000| Untracked 
|  15|0x0000000083100000, 0x0000000083100000, 0x0000000083200000|  0%| F|  |TAMS 0x0000000083100000, 0x0000000083100000| Untracked 
|  16|0x0000000083200000, 0x0000000083200000, 0x0000000083300000|  0%| F|  |TAMS 0x0000000083200000, 0x0000000083200000| Untracked 
|  17|0x0000000083300000, 0x0000000083300000, 0x0000000083400000|  0%| F|  |TAMS 0x0000000083300000, 0x0000000083300000| Untracked 
|  18|0x0000000083400000, 0x0000000083400000, 0x0000000083500000|  0%| F|  |TAMS 0x0000000083400000, 0x0000000083400000| Untracked 
|  19|0x0000000083500000, 0x0000000083500000, 0x0000000083600000|  0%| F|  |TAMS 0x0000000083500000, 0x0000000083500000| Untracked 
|  20|0x0000000083600000, 0x0000000083600000, 0x0000000083700000|  0%| F|  |TAMS 0x0000000083600000, 0x0000000083600000| Untracked 
|  21|0x0000000083700000, 0x0000000083700000, 0x0000000083800000|  0%| F|  |TAMS 0x0000000083700000, 0x0000000083700000| Untracked 
|  22|0x0000000083800000, 0x0000000083800000, 0x0000000083900000|  0%| F|  |TAMS 0x0000000083800000, 0x0000000083800000| Untracked 
|  23|0x0000000083900000, 0x0000000083900000, 0x0000000083a00000|  0%| F|  |TAMS 0x0000000083900000, 0x0000000083900000| Untracked 
|  24|0x0000000083a00000, 0x0000000083a00000, 0x0000000083b00000|  0%| F|  |TAMS 0x0000000083a00000, 0x0000000083a00000| Untracked 
|  25|0x0000000083b00000, 0x0000000083b00000, 0x0000000083c00000|  0%| F|  |TAMS 0x0000000083b00000, 0x0000000083b00000| Untracked 
|  26|0x0000000083c00000, 0x0000000083c00000, 0x0000000083d00000|  0%| F|  |TAMS 0x0000000083c00000, 0x0000000083c00000| Untracked 
|  27|0x0000000083d00000, 0x0000000083d00000, 0x0000000083e00000|  0%| F|  |TAMS 0x0000000083d00000, 0x0000000083d00000| Untracked 
|  28|0x0000000083e00000, 0x0000000083e00000, 0x0000000083f00000|  0%| F|  |TAMS 0x0000000083e00000, 0x0000000083e00000| Untracked 
|  29|0x0000000083f00000, 0x0000000083f00000, 0x0000000084000000|  0%| F|  |TAMS 0x0000000083f00000, 0x0000000083f00000| Untracked 
|  30|0x0000000084000000, 0x0000000084000000, 0x0000000084100000|  0%| F|  |TAMS 0x0000000084000000, 0x0000000084000000| Untracked 
|  31|0x0000000084100000, 0x0000000084100000, 0x0000000084200000|  0%| F|  |TAMS 0x0000000084100000, 0x0000000084100000| Untracked 
|  32|0x0000000084200000, 0x0000000084200000, 0x0000000084300000|  0%| F|  |TAMS 0x0000000084200000, 0x0000000084200000| Untracked 
|  33|0x0000000084300000, 0x0000000084300000, 0x0000000084400000|  0%| F|  |TAMS 0x0000000084300000, 0x0000000084300000| Untracked 
|  34|0x0000000084400000, 0x0000000084400000, 0x0000000084500000|  0%| F|  |TAMS 0x0000000084400000, 0x0000000084400000| Untracked 
|  35|0x0000000084500000, 0x0000000084500000, 0x0000000084600000|  0%| F|  |TAMS 0x0000000084500000, 0x0000000084500000| Untracked 
|  36|0x0000000084600000, 0x0000000084600000, 0x0000000084700000|  0%| F|  |TAMS 0x0000000084600000, 0x0000000084600000| Untracked 
|  37|0x0000000084700000, 0x0000000084700000, 0x0000000084800000|  0%| F|  |TAMS 0x0000000084700000, 0x0000000084700000| Untracked 
|  38|0x0000000084800000, 0x0000000084800000, 0x0000000084900000|  0%| F|  |TAMS 0x0000000084800000, 0x0000000084800000| Untracked 
|  39|0x0000000084900000, 0x0000000084900000, 0x0000000084a00000|  0%| F|  |TAMS 0x0000000084900000, 0x0000000084900000| Untracked 
|  40|0x0000000084a00000, 0x0000000084a00000, 0x0000000084b00000|  0%| F|  |TAMS 0x0000000084a00000, 0x0000000084a00000| Untracked 
|  41|0x0000000084b00000, 0x0000000084b00000, 0x0000000084c00000|  0%| F|  |TAMS 0x0000000084b00000, 0x0000000084b00000| Untracked 
|  42|0x0000000084c00000, 0x0000000084c00000, 0x0000000084d00000|  0%| F|  |TAMS 0x0000000084c00000, 0x0000000084c00000| Untracked 
|  43|0x0000000084d00000, 0x0000000084d00000, 0x0000000084e00000|  0%| F|  |TAMS 0x0000000084d00000, 0x0000000084d00000| Untracked 
|  44|0x0000000084e00000, 0x0000000084e00000, 0x0000000084f00000|  0%| F|  |TAMS 0x0000000084e00000, 0x0000000084e00000| Untracked 
|  45|0x0000000084f00000, 0x0000000084f00000, 0x0000000085000000|  0%| F|  |TAMS 0x0000000084f00000, 0x0000000084f00000| Untracked 
|  46|0x0000000085000000, 0x0000000085000000, 0x0000000085100000|  0%| F|  |TAMS 0x0000000085000000, 0x0000000085000000| Untracked 
|  47|0x0000000085100000, 0x0000000085100000, 0x0000000085200000|  0%| F|  |TAMS 0x0000000085100000, 0x0000000085100000| Untracked 
|  48|0x0000000085200000, 0x0000000085200000, 0x0000000085300000|  0%| F|  |TAMS 0x0000000085200000, 0x0000000085200000| Untracked 
|  49|0x0000000085300000, 0x0000000085300000, 0x0000000085400000|  0%| F|  |TAMS 0x0000000085300000, 0x0000000085300000| Untracked 
|  50|0x0000000085400000, 0x0000000085400000, 0x0000000085500000|  0%| F|  |TAMS 0x0000000085400000, 0x0000000085400000| Untracked 
|  51|0x0000000085500000, 0x0000000085500000, 0x0000000085600000|  0%| F|  |TAMS 0x0000000085500000, 0x0000000085500000| Untracked 
|  52|0x0000000085600000, 0x0000000085600000, 0x0000000085700000|  0%| F|  |TAMS 0x0000000085600000, 0x0000000085600000| Untracked 
|  53|0x0000000085700000, 0x0000000085700000, 0x0000000085800000|  0%| F|  |TAMS 0x0000000085700000, 0x0000000085700000| Untracked 
|  54|0x0000000085800000, 0x0000000085800000, 0x0000000085900000|  0%| F|  |TAMS 0x0000000085800000, 0x0000000085800000| Untracked 
|  55|0x0000000085900000, 0x0000000085900000, 0x0000000085a00000|  0%| F|  |TAMS 0x0000000085900000, 0x0000000085900000| Untracked 
|  56|0x0000000085a00000, 0x0000000085a00000, 0x0000000085b00000|  0%| F|  |TAMS 0x0000000085a00000, 0x0000000085a00000| Untracked 
|  57|0x0000000085b00000, 0x0000000085b00000, 0x0000000085c00000|  0%| F|  |TAMS 0x0000000085b00000, 0x0000000085b00000| Untracked 
|  58|0x0000000085c00000, 0x0000000085c00000, 0x0000000085d00000|  0%| F|  |TAMS 0x0000000085c00000, 0x0000000085c00000| Untracked 
|  59|0x0000000085d00000, 0x0000000085d00000, 0x0000000085e00000|  0%| F|  |TAMS 0x0000000085d00000, 0x0000000085d00000| Untracked 
|  60|0x0000000085e00000, 0x0000000085e00000, 0x0000000085f00000|  0%| F|  |TAMS 0x0000000085e00000, 0x0000000085e00000| Untracked 
|  61|0x0000000085f00000, 0x0000000085f00000, 0x0000000086000000|  0%| F|  |TAMS 0x0000000085f00000, 0x0000000085f00000| Untracked 
|  62|0x0000000086000000, 0x0000000086000000, 0x0000000086100000|  0%| F|  |TAMS 0x0000000086000000, 0x0000000086000000| Untracked 
|  63|0x0000000086100000, 0x0000000086100000, 0x0000000086200000|  0%| F|  |TAMS 0x0000000086100000, 0x0000000086100000| Untracked 
|  64|0x0000000086200000, 0x0000000086200000, 0x0000000086300000|  0%| F|  |TAMS 0x0000000086200000, 0x0000000086200000| Untracked 
|  65|0x0000000086300000, 0x0000000086300000, 0x0000000086400000|  0%| F|  |TAMS 0x0000000086300000, 0x0000000086300000| Untracked 
|  66|0x0000000086400000, 0x0000000086400000, 0x0000000086500000|  0%| F|  |TAMS 0x0000000086400000, 0x0000000086400000| Untracked 
|  67|0x0000000086500000, 0x0000000086500000, 0x0000000086600000|  0%| F|  |TAMS 0x0000000086500000, 0x0000000086500000| Untracked 
|  68|0x0000000086600000, 0x0000000086600000, 0x0000000086700000|  0%| F|  |TAMS 0x0000000086600000, 0x0000000086600000| Untracked 
|  69|0x0000000086700000, 0x0000000086700000, 0x0000000086800000|  0%| F|  |TAMS 0x0000000086700000, 0x0000000086700000| Untracked 
|  70|0x0000000086800000, 0x0000000086800000, 0x0000000086900000|  0%| F|  |TAMS 0x0000000086800000, 0x0000000086800000| Untracked 
|  71|0x0000000086900000, 0x0000000086900000, 0x0000000086a00000|  0%| F|  |TAMS 0x0000000086900000, 0x0000000086900000| Untracked 
|  72|0x0000000086a00000, 0x0000000086a00000, 0x0000000086b00000|  0%| F|  |TAMS 0x0000000086a00000, 0x0000000086a00000| Untracked 
|  73|0x0000000086b00000, 0x0000000086b00000, 0x0000000086c00000|  0%| F|  |TAMS 0x0000000086b00000, 0x0000000086b00000| Untracked 
|  74|0x0000000086c00000, 0x0000000086c00000, 0x0000000086d00000|  0%| F|  |TAMS 0x0000000086c00000, 0x0000000086c00000| Untracked 
|  75|0x0000000086d00000, 0x0000000086d00000, 0x0000000086e00000|  0%| F|  |TAMS 0x0000000086d00000, 0x0000000086d00000| Untracked 
|  76|0x0000000086e00000, 0x0000000086e00000, 0x0000000086f00000|  0%| F|  |TAMS 0x0000000086e00000, 0x0000000086e00000| Untracked 
|  77|0x0000000086f00000, 0x0000000086f00000, 0x0000000087000000|  0%| F|  |TAMS 0x0000000086f00000, 0x0000000086f00000| Untracked 
|  78|0x0000000087000000, 0x0000000087000000, 0x0000000087100000|  0%| F|  |TAMS 0x0000000087000000, 0x0000000087000000| Untracked 
|  79|0x0000000087100000, 0x0000000087100000, 0x0000000087200000|  0%| F|  |TAMS 0x0000000087100000, 0x0000000087100000| Untracked 
|  80|0x0000000087200000, 0x0000000087200000, 0x0000000087300000|  0%| F|  |TAMS 0x0000000087200000, 0x0000000087200000| Untracked 
|  81|0x0000000087300000, 0x0000000087300000, 0x0000000087400000|  0%| F|  |TAMS 0x0000000087300000, 0x0000000087300000| Untracked 
|  82|0x0000000087400000, 0x0000000087400000, 0x0000000087500000|  0%| F|  |TAMS 0x0000000087400000, 0x0000000087400000| Untracked 
|  83|0x0000000087500000, 0x0000000087500000, 0x0000000087600000|  0%| F|  |TAMS 0x0000000087500000, 0x0000000087500000| Untracked 
|  84|0x0000000087600000, 0x0000000087600000, 0x0000000087700000|  0%| F|  |TAMS 0x0000000087600000, 0x0000000087600000| Untracked 
|  85|0x0000000087700000, 0x0000000087700000, 0x0000000087800000|  0%| F|  |TAMS 0x0000000087700000, 0x0000000087700000| Untracked 
|  86|0x0000000087800000, 0x0000000087800000, 0x0000000087900000|  0%| F|  |TAMS 0x0000000087800000, 0x0000000087800000| Untracked 
|  87|0x0000000087900000, 0x0000000087900000, 0x0000000087a00000|  0%| F|  |TAMS 0x0000000087900000, 0x0000000087900000| Untracked 
|  88|0x0000000087a00000, 0x0000000087a00000, 0x0000000087b00000|  0%| F|  |TAMS 0x0000000087a00000, 0x0000000087a00000| Untracked 
|  89|0x0000000087b00000, 0x0000000087b00000, 0x0000000087c00000|  0%| F|  |TAMS 0x0000000087b00000, 0x0000000087b00000| Untracked 
|  90|0x0000000087c00000, 0x0000000087c00000, 0x0000000087d00000|  0%| F|  |TAMS 0x0000000087c00000, 0x0000000087c00000| Untracked 
|  91|0x0000000087d00000, 0x0000000087d00000, 0x0000000087e00000|  0%| F|  |TAMS 0x0000000087d00000, 0x0000000087d00000| Untracked 
|  92|0x0000000087e00000, 0x0000000087e00000, 0x0000000087f00000|  0%| F|  |TAMS 0x0000000087e00000, 0x0000000087e00000| Untracked 
|  93|0x0000000087f00000, 0x0000000087f00000, 0x0000000088000000|  0%| F|  |TAMS 0x0000000087f00000, 0x0000000087f00000| Untracked 
|  94|0x0000000088000000, 0x0000000088000000, 0x0000000088100000|  0%| F|  |TAMS 0x0000000088000000, 0x0000000088000000| Untracked 
|  95|0x0000000088100000, 0x0000000088100000, 0x0000000088200000|  0%| F|  |TAMS 0x0000000088100000, 0x0000000088100000| Untracked 
|  96|0x0000000088200000, 0x0000000088200000, 0x0000000088300000|  0%| F|  |TAMS 0x0000000088200000, 0x0000000088200000| Untracked 
|  97|0x0000000088300000, 0x0000000088300000, 0x0000000088400000|  0%| F|  |TAMS 0x0000000088300000, 0x0000000088300000| Untracked 
|  98|0x0000000088400000, 0x0000000088400000, 0x0000000088500000|  0%| F|  |TAMS 0x0000000088400000, 0x0000000088400000| Untracked 
|  99|0x0000000088500000, 0x0000000088500000, 0x0000000088600000|  0%| F|  |TAMS 0x0000000088500000, 0x0000000088500000| Untracked 
| 100|0x0000000088600000, 0x0000000088600000, 0x0000000088700000|  0%| F|  |TAMS 0x0000000088600000, 0x0000000088600000| Untracked 
| 101|0x0000000088700000, 0x0000000088700000, 0x0000000088800000|  0%| F|  |TAMS 0x0000000088700000, 0x0000000088700000| Untracked 
| 102|0x0000000088800000, 0x0000000088800000, 0x0000000088900000|  0%| F|  |TAMS 0x0000000088800000, 0x0000000088800000| Untracked 
| 103|0x0000000088900000, 0x0000000088900000, 0x0000000088a00000|  0%| F|  |TAMS 0x0000000088900000, 0x0000000088900000| Untracked 
| 104|0x0000000088a00000, 0x0000000088a00000, 0x0000000088b00000|  0%| F|  |TAMS 0x0000000088a00000, 0x0000000088a00000| Untracked 
| 105|0x0000000088b00000, 0x0000000088b00000, 0x0000000088c00000|  0%| F|  |TAMS 0x0000000088b00000, 0x0000000088b00000| Untracked 
| 106|0x0000000088c00000, 0x0000000088c00000, 0x0000000088d00000|  0%| F|  |TAMS 0x0000000088c00000, 0x0000000088c00000| Untracked 
| 107|0x0000000088d00000, 0x0000000088d00000, 0x0000000088e00000|  0%| F|  |TAMS 0x0000000088d00000, 0x0000000088d00000| Untracked 
| 108|0x0000000088e00000, 0x0000000088e00000, 0x0000000088f00000|  0%| F|  |TAMS 0x0000000088e00000, 0x0000000088e00000| Untracked 
| 109|0x0000000088f00000, 0x0000000088f00000, 0x0000000089000000|  0%| F|  |TAMS 0x0000000088f00000, 0x0000000088f00000| Untracked 
| 110|0x0000000089000000, 0x0000000089000000, 0x0000000089100000|  0%| F|  |TAMS 0x0000000089000000, 0x0000000089000000| Untracked 
| 111|0x0000000089100000, 0x0000000089100000, 0x0000000089200000|  0%| F|  |TAMS 0x0000000089100000, 0x0000000089100000| Untracked 
| 112|0x0000000089200000, 0x0000000089200000, 0x0000000089300000|  0%| F|  |TAMS 0x0000000089200000, 0x0000000089200000| Untracked 
| 113|0x0000000089300000, 0x0000000089300000, 0x0000000089400000|  0%| F|  |TAMS 0x0000000089300000, 0x0000000089300000| Untracked 
| 114|0x0000000089400000, 0x0000000089400000, 0x0000000089500000|  0%| F|  |TAMS 0x0000000089400000, 0x0000000089400000| Untracked 
| 115|0x0000000089500000, 0x0000000089500000, 0x0000000089600000|  0%| F|  |TAMS 0x0000000089500000, 0x0000000089500000| Untracked 
| 116|0x0000000089600000, 0x0000000089600000, 0x0000000089700000|  0%| F|  |TAMS 0x0000000089600000, 0x0000000089600000| Untracked 
| 117|0x0000000089700000, 0x0000000089700000, 0x0000000089800000|  0%| F|  |TAMS 0x0000000089700000, 0x0000000089700000| Untracked 
| 118|0x0000000089800000, 0x0000000089800000, 0x0000000089900000|  0%| F|  |TAMS 0x0000000089800000, 0x0000000089800000| Untracked 
| 119|0x0000000089900000, 0x0000000089900000, 0x0000000089a00000|  0%| F|  |TAMS 0x0000000089900000, 0x0000000089900000| Untracked 
| 120|0x0000000089a00000, 0x0000000089a00000, 0x0000000089b00000|  0%| F|  |TAMS 0x0000000089a00000, 0x0000000089a00000| Untracked 
| 121|0x0000000089b00000, 0x0000000089b00000, 0x0000000089c00000|  0%| F|  |TAMS 0x0000000089b00000, 0x0000000089b00000| Untracked 
| 122|0x0000000089c00000, 0x0000000089c00000, 0x0000000089d00000|  0%| F|  |TAMS 0x0000000089c00000, 0x0000000089c00000| Untracked 
| 123|0x0000000089d00000, 0x0000000089d00000, 0x0000000089e00000|  0%| F|  |TAMS 0x0000000089d00000, 0x0000000089d00000| Untracked 
| 124|0x0000000089e00000, 0x0000000089e00000, 0x0000000089f00000|  0%| F|  |TAMS 0x0000000089e00000, 0x0000000089e00000| Untracked 
| 125|0x0000000089f00000, 0x000000008a000000, 0x000000008a000000|100%| E|  |TAMS 0x0000000089f00000, 0x0000000089f00000| Complete 

Card table byte_map: [0x0000014b3c640000,0x0000014b3ca30000] _byte_map_base: 0x0000014b3c22f000

Marking Bits (Prev, Next): (CMBitMap*) 0x0000014b29b3be90, (CMBitMap*) 0x0000014b29b3bed0
 Prev Bits: [0x0000014b3ce20000, 0x0000014b3ed98000)
 Next Bits: [0x0000014b3eda0000, 0x0000014b40d18000)

Polling page: 0x0000014b292b0000

Metaspace:

Usage:
  Non-class:      3.19 MB used.
      Class:    286.04 KB used.
       Both:      3.47 MB used.

Virtual space:
  Non-class space:        8.00 MB reserved,       3.19 MB ( 40%) committed,  1 nodes.
      Class space:        1.00 GB reserved,     320.00 KB ( <1%) committed,  1 nodes.
             Both:        1.01 GB reserved,       3.50 MB ( <1%) committed. 

Chunk freelists:
   Non-Class:  0 bytes
       Class:  3.62 MB
        Both:  3.62 MB

MaxMetaspaceSize: unlimited
CompressedClassSpaceSize: 1.00 GB
Initial GC threshold: 21.00 MB
Current GC threshold: 21.00 MB
CDS: off
MetaspaceReclaimPolicy: balanced
 - commit_granule_bytes: 65536.
 - commit_granule_words: 8192.
 - virtual_space_node_default_size: 1048576.
 - enlarge_chunks_in_place: 1.
 - new_chunks_are_fully_committed: 0.
 - uncommit_free_chunks: 1.
 - use_allocation_guard: 0.
 - handle_deallocations: 1.


Internal statistics:

num_allocs_failed_limit: 0.
num_arena_births: 2.
num_arena_deaths: 0.
num_vsnodes_births: 2.
num_vsnodes_deaths: 0.
num_space_committed: 56.
num_space_uncommitted: 0.
num_chunks_returned_to_freelist: 0.
num_chunks_taken_from_freelist: 4.
num_chunk_merges: 0.
num_chunk_splits: 1.
num_chunks_enlarged: 0.
num_purges: 0.
num_inconsistent_stats: 0.

CodeHeap 'non-profiled nmethods': size=120000Kb used=8Kb max_used=8Kb free=119992Kb
 bounds [0x0000014b34d20000, 0x0000014b34f90000, 0x0000014b3c250000]
CodeHeap 'profiled nmethods': size=120000Kb used=54Kb max_used=54Kb free=119945Kb
 bounds [0x0000014b2d7f0000, 0x0000014b2da60000, 0x0000014b34d20000]
CodeHeap 'non-nmethods': size=5760Kb used=1028Kb max_used=1035Kb free=4731Kb
 bounds [0x0000014b2d250000, 0x0000014b2d4c0000, 0x0000014b2d7f0000]
 total_blobs=326 nmethods=43 adapters=197
 compilation: enabled
              stopped_count=0, restarted_count=0
 full_count=0

Compilation events (20 events):
Event: 0.268 Thread 0x0000014b43c248c0 nmethod 33 0x0000014b2d7f8190 code [0x0000014b2d7f8340, 0x0000014b2d7f8668]
Event: 0.268 Thread 0x0000014b43c248c0   32       3       java.util.concurrent.ConcurrentHashMap::spread (10 bytes)
Event: 0.268 Thread 0x0000014b43c248c0 nmethod 32 0x0000014b2d7f8810 code [0x0000014b2d7f89a0, 0x0000014b2d7f8a98]
Event: 0.272 Thread 0x0000014b43c248c0   34       1       java.util.KeyValueHolder::getKey (5 bytes)
Event: 0.272 Thread 0x0000014b43c248c0 nmethod 34 0x0000014b34d21190 code [0x0000014b34d21320, 0x0000014b34d213f8]
Event: 0.273 Thread 0x0000014b43c248c0   35       1       java.util.KeyValueHolder::getValue (5 bytes)
Event: 0.273 Thread 0x0000014b43c248c0 nmethod 35 0x0000014b34d21490 code [0x0000014b34d21620, 0x0000014b34d216f8]
Event: 0.273 Thread 0x0000014b43c248c0   36       3       java.util.ImmutableCollections$MapN::probe (60 bytes)
Event: 0.274 Thread 0x0000014b43c248c0 nmethod 36 0x0000014b2d7f8b10 code [0x0000014b2d7f8d00, 0x0000014b2d7f9258]
Event: 0.274 Thread 0x0000014b43c248c0   37       3       java.util.Set::of (68 bytes)
Event: 0.275 Thread 0x0000014b43c248c0 nmethod 37 0x0000014b2d7f9490 code [0x0000014b2d7f96c0, 0x0000014b2d7f9ec8]
Event: 0.275 Thread 0x0000014b43c248c0   38       3       java.util.KeyValueHolder::<init> (21 bytes)
Event: 0.276 Thread 0x0000014b43c248c0 nmethod 38 0x0000014b2d7fa190 code [0x0000014b2d7fa380, 0x0000014b2d7fa858]
Event: 0.276 Thread 0x0000014b43c248c0   39       3       java.util.ImmutableCollections$SetN::iterator (9 bytes)
Event: 0.276 Thread 0x0000014b43c248c0 nmethod 39 0x0000014b2d7faa10 code [0x0000014b2d7fabc0, 0x0000014b2d7fad68]
Event: 0.276 Thread 0x0000014b43c248c0   40       3       java.util.ImmutableCollections$SetN$SetNIterator::<init> (36 bytes)
Event: 0.276 Thread 0x0000014b43c248c0 nmethod 40 0x0000014b2d7fae10 code [0x0000014b2d7fafc0, 0x0000014b2d7fb1b8]
Event: 0.276 Thread 0x0000014b43c248c0   41   !   3       java.util.concurrent.ConcurrentHashMap::putVal (432 bytes)
Event: 0.280 Thread 0x0000014b43c248c0 nmethod 41 0x0000014b2d7fb290 code [0x0000014b2d7fb600, 0x0000014b2d7fd0e8]
Event: 0.280 Thread 0x0000014b43c248c0   43       3       java.util.concurrent.ConcurrentHashMap::addCount (280 bytes)

GC Heap History (0 events):
No events

Dll operation events (1 events):
Event: 0.013 Loaded shared library C:\Program Files\JetBrains\PyCharm Community Edition 2022.3.2\jbr\bin\java.dll

Deoptimization events (0 events):
No events

Classes unloaded (0 events):
No events

Classes redefined (0 events):
No events

Internal exceptions (0 events):
No events

VM Operations (0 events):
No events

Events (20 events):
Event: 0.270 loading class java/lang/module/Configuration
Event: 0.271 loading class java/lang/module/Configuration done
Event: 0.271 loading class java/lang/module/ResolvedModule
Event: 0.271 loading class java/lang/module/ResolvedModule done
Event: 0.271 loading class java/util/AbstractMap$1
Event: 0.271 loading class java/util/AbstractMap$1 done
Event: 0.271 loading class java/util/AbstractMap$1$1
Event: 0.272 loading class java/util/AbstractMap$1$1 done
Event: 0.274 loading class jdk/internal/module/ModuleLoaderMap
Event: 0.274 loading class jdk/internal/module/ModuleLoaderMap done
Event: 0.274 loading class jdk/internal/module/ModuleLoaderMap$Mapper
Event: 0.275 loading class java/util/function/Function
Event: 0.275 loading class java/util/function/Function done
Event: 0.275 loading class jdk/internal/module/ModuleLoaderMap$Mapper done
Event: 0.275 loading class jdk/internal/module/ModuleLoaderMap$Modules
Event: 0.275 loading class jdk/internal/module/ModuleLoaderMap$Modules done
Event: 0.278 loading class java/lang/ModuleLayer
Event: 0.279 loading class java/lang/ModuleLayer done
Event: 0.279 loading class java/util/ImmutableCollections$ListItr
Event: 0.279 loading class java/util/ListIterator


Dynamic libraries:
0x00007ff72cc20000 - 0x00007ff72cc2a000 	C:\Program Files\JetBrains\PyCharm Community Edition 2022.3.2\jbr\bin\java.exe
0x00007ffb868d0000 - 0x00007ffb86ac8000 	C:\Windows\SYSTEM32\ntdll.dll
0x00007ffb854f0000 - 0x00007ffb855af000 	C:\Windows\System32\KERNEL32.DLL
0x00007ffb840e0000 - 0x00007ffb843d6000 	C:\Windows\System32\KERNELBASE.dll
0x00007ffb83fb0000 - 0x00007ffb840b0000 	C:\Windows\System32\ucrtbase.dll
0x00007ffb7d780000 - 0x00007ffb7d797000 	C:\Program Files\JetBrains\PyCharm Community Edition 2022.3.2\jbr\bin\jli.dll
0x00007ffb6ad80000 - 0x00007ffb6ad9b000 	C:\Program Files\JetBrains\PyCharm Community Edition 2022.3.2\jbr\bin\VCRUNTIME140.dll
0x00007ffb864d0000 - 0x00007ffb8666d000 	C:\Windows\System32\USER32.dll
0x00007ffb847a0000 - 0x00007ffb847c2000 	C:\Windows\System32\win32u.dll
0x00007ffb78230000 - 0x00007ffb784ca000 	C:\Windows\WinSxS\amd64_microsoft.windows.common-controls_6595b64144ccf1df_6.0.19041.1110_none_60b5254171f9507e\COMCTL32.dll
0x00007ffb84930000 - 0x00007ffb849ce000 	C:\Windows\System32\msvcrt.dll
0x00007ffb84e00000 - 0x00007ffb84e2c000 	C:\Windows\System32\GDI32.dll
0x00007ffb844c0000 - 0x00007ffb845d5000 	C:\Windows\System32\gdi32full.dll
0x00007ffb845e0000 - 0x00007ffb8467d000 	C:\Windows\System32\msvcp_win.dll
0x00007ffb86860000 - 0x00007ffb86890000 	C:\Windows\System32\IMM32.DLL
0x00007ffb7f550000 - 0x00007ffb7f55c000 	C:\Program Files\JetBrains\PyCharm Community Edition 2022.3.2\jbr\bin\vcruntime140_1.dll
0x00007ffb554f0000 - 0x00007ffb5557d000 	C:\Program Files\JetBrains\PyCharm Community Edition 2022.3.2\jbr\bin\msvcp140.dll
0x00007ffb4e690000 - 0x00007ffb4f2fb000 	C:\Program Files\JetBrains\PyCharm Community Edition 2022.3.2\jbr\bin\server\jvm.dll
0x00007ffb85e30000 - 0x00007ffb85edf000 	C:\Windows\System32\ADVAPI32.dll
0x00007ffb84d60000 - 0x00007ffb84dfc000 	C:\Windows\System32\sechost.dll
0x00007ffb85d00000 - 0x00007ffb85e26000 	C:\Windows\System32\RPCRT4.dll
0x00007ffb73670000 - 0x00007ffb73679000 	C:\Windows\SYSTEM32\WSOCK32.dll
0x00007ffb85480000 - 0x00007ffb854eb000 	C:\Windows\System32\WS2_32.dll
0x00007ffb79460000 - 0x00007ffb79487000 	C:\Windows\SYSTEM32\WINMM.dll
0x00007ffb78ac0000 - 0x00007ffb78aca000 	C:\Windows\SYSTEM32\VERSION.dll
0x00007ffb81e60000 - 0x00007ffb81e72000 	C:\Windows\SYSTEM32\kernel.appcore.dll
0x00007ffb80740000 - 0x00007ffb8074a000 	C:\Program Files\JetBrains\PyCharm Community Edition 2022.3.2\jbr\bin\jimage.dll
0x00007ffb7b4a0000 - 0x00007ffb7b684000 	C:\Windows\SYSTEM32\DBGHELP.DLL
0x00007ffb7b460000 - 0x00007ffb7b494000 	C:\Windows\SYSTEM32\dbgcore.DLL
0x00007ffb84430000 - 0x00007ffb844b2000 	C:\Windows\System32\bcryptPrimitives.dll
0x00007ffb7f5e0000 - 0x00007ffb7f605000 	C:\Program Files\JetBrains\PyCharm Community Edition 2022.3.2\jbr\bin\java.dll
0x00007ffb7f290000 - 0x00007ffb7f2a8000 	C:\Program Files\JetBrains\PyCharm Community Edition 2022.3.2\jbr\bin\zip.dll
0x00007ffb855b0000 - 0x00007ffb85cf4000 	C:\Windows\System32\SHELL32.dll
0x00007ffb82060000 - 0x00007ffb827f3000 	C:\Windows\SYSTEM32\windows.storage.dll
0x00007ffb84eb0000 - 0x00007ffb85204000 	C:\Windows\System32\combase.dll
0x00007ffb83990000 - 0x00007ffb839be000 	C:\Windows\SYSTEM32\Wldp.dll
0x00007ffb867b0000 - 0x00007ffb8685d000 	C:\Windows\System32\SHCORE.dll
0x00007ffb84d00000 - 0x00007ffb84d55000 	C:\Windows\System32\shlwapi.dll
0x00007ffb83ef0000 - 0x00007ffb83f0f000 	C:\Windows\SYSTEM32\profapi.dll

dbghelp: loaded successfully - version: 4.0.5 - missing functions: none
symbol engine: initialized successfully - sym options: 0x614 - pdb path: .;C:\Program Files\JetBrains\PyCharm Community Edition 2022.3.2\jbr\bin;C:\Windows\SYSTEM32;C:\Windows\WinSxS\amd64_microsoft.windows.common-controls_6595b64144ccf1df_6.0.19041.1110_none_60b5254171f9507e;C:\Program Files\JetBrains\PyCharm Community Edition 2022.3.2\jbr\bin\server

VM Arguments:
java_command: git4idea.http.GitAskPassApp Username for 'https://github.com': 
java_class_path (initial): C:/Program Files/JetBrains/PyCharm Community Edition 2022.3.2/plugins/vcs-git/lib/git4idea-rt.jar;C:/Program Files/JetBrains/PyCharm Community Edition 2022.3.2/lib/externalProcess-rt.jar;C:/Program Files/JetBrains/PyCharm Community Edition 2022.3.2/lib/app.jar;C:/Program Files/JetBrains/PyCharm Community Edition 2022.3.2/lib/3rd-party-rt.jar
Launcher Type: SUN_STANDARD

[Global flags]
     intx CICompilerCount                          = 3                                         {product} {ergonomic}
     uint ConcGCThreads                            = 1                                         {product} {ergonomic}
     uint G1ConcRefinementThreads                  = 4                                         {product} {ergonomic}
   size_t G1HeapRegionSize                         = 1048576                                   {product} {ergonomic}
    uintx GCDrainStackTargetSize                   = 64                                        {product} {ergonomic}
   size_t InitialHeapSize                          = 132120576                                 {product} {ergonomic}
   size_t MarkStackSize                            = 4194304                                   {product} {ergonomic}
   size_t MaxHeapSize                              = 2111832064                                {product} {ergonomic}
   size_t MaxNewSize                               = 1266679808                                {product} {ergonomic}
   size_t MinHeapDeltaBytes                        = 1048576                                   {product} {ergonomic}
   size_t MinHeapSize                              = 8388608                                   {product} {ergonomic}
    uintx NonNMethodCodeHeapSize                   = 5832780                                {pd product} {ergonomic}
    uintx NonProfiledCodeHeapSize                  = 122912730                              {pd product} {ergonomic}
    uintx ProfiledCodeHeapSize                     = 122912730                              {pd product} {ergonomic}
    uintx ReservedCodeCacheSize                    = 251658240                              {pd product} {ergonomic}
     bool SegmentedCodeCache                       = true                                      {product} {ergonomic}
   size_t SoftMaxHeapSize                          = 2111832064                             {manageable} {ergonomic}
     bool UseCompressedClassPointers               = true                           {product lp64_product} {ergonomic}
     bool UseCompressedOops                        = true                           {product lp64_product} {ergonomic}
     bool UseG1GC                                  = true                                      {product} {ergonomic}
     bool UseLargePagesIndividualAllocation        = false                                  {pd product} {ergonomic}

Logging:
Log output configuration:
 #0: stdout all=warning uptime,level,tags
 #1: stderr all=off uptime,level,tags

Environment Variables:
PATH=C:\Program Files\Git\mingw64\libexec\git-core;C:\Program Files\Git\mingw64\libexec\git-core;C:\Program Files\Git\mingw64\bin;C:\Program Files\Git\usr\bin;C:\Users\matia\bin;C:\Program Files (x86)\Common Files\Intel\Shared Files\cpp\bin\Intel64;C:\PROGRAM FILES (X86)\NVIDIA CORPORATION\PHYSX\COMMON;C:\Windows\SYSTEM32;C:\Windows;C:\Windows\SYSTEM32\WBEM;C:\Windows\SYSTEM32\WINDOWSPOWERSHELL\V1.0;C:\Windows\SYSTEM32\OPENSSH;C:\dell\drivers\Bluetooth Software;C:\dell\drivers\Bluetooth Software\syswow64;C:\Program Files\PuTTY;C:\page;C:\Program Files\Git\cmd;C:\Users\matia\AppData\Local\activestate\cache\bin;C:\Users\matia\AppData\Local\ActiveState\StateTool\release\bin;C:\Users\matia\AppData\Local\Programs\Python\Python310\Scripts;C:\Users\matia\AppData\Local\Programs\Python\Python310;C:\Users\matia\AppData\Local\Microsoft\WindowsApps;C:\Users\matia\AppData\Local\Programs\Microsoft VS Code\bin;C:\Program Files\JetBrains\PyCharm Community Edition 2022.3.2\bin
USERNAME=matia
DISPLAY=:0.0
LC_ALL=en_US.UTF-8
TERM=xterm-256color
TMPDIR=C:\Users\matia\AppData\Local\Temp
OS=Windows_NT
PROCESSOR_IDENTIFIER=Intel64 Family 6 Model 37 Stepping 2, GenuineIntel
TMP=C:\Users\matia\AppData\Local\Temp
TEMP=C:\Users\matia\AppData\Local\Temp



---------------  S Y S T E M  ---------------

OS:
 Windows 10 , 64 bit Build 19041 (10.0.19041.3031)
OS uptime: 13 days 10:49 hours

CPU: total 4 (initial active 4) (2 cores per cpu, 2 threads per core) family 6 model 37 stepping 2 microcode 0x11, cx8, cmov, fxsr, ht, mmx, sse, sse2, sse3, ssse3, sse4.1, sse4.2, popcnt, tsc, tscinvbit, clflush

Memory: 4k page, system-wide physical 8054M (932M free)
TotalPageFile size 18370M (AvailPageFile size 39M)
current process WorkingSet (physical memory assigned to process): 26M, peak: 26M
current process commit charge ("private bytes"): 190M, peak: 190M

vm_info: OpenJDK 64-Bit Server VM (17.0.5+1-b653.25) for windows-amd64 JRE (17.0.5+1-b653.25), built on 2023-01-04 by "builduser" with MS VC++ 16.10 / 16.11 (VS2019)

END.
